2024-02-12T11:42:33.923+05:00  INFO 86588 --- [main] com.example.demo.StartupApplication      : Starting StartupApplication using Java 17.0.7 with PID 86588 (C:\Program Files\learn-spring-framework\startUp\demo\build\classes\java\main started by Asus in C:\Program Files\learn-spring-framework\startUp)
2024-02-12T11:42:34.137+05:00  INFO 86588 --- [main] com.example.demo.StartupApplication      : No active profile set, falling back to 1 default profile: "default"
2024-02-12T11:42:36.470+05:00  INFO 86588 --- [main] o.apache.catalina.core.StandardService   : Starting service [Tomcat]
2024-02-12T11:42:36.471+05:00  INFO 86588 --- [main] o.apache.catalina.core.StandardEngine    : Starting Servlet engine: [Apache Tomcat/10.1.10]
2024-02-12T11:42:36.571+05:00  INFO 86588 --- [main] o.a.c.c.C.[Tomcat].[localhost].[/]       : Initializing Spring embedded WebApplicationContext
2024-02-12T11:42:36.718+05:00  INFO 86588 --- [main] o.hibernate.jpa.internal.util.LogHelper  : HHH000204: Processing PersistenceUnitInfo [name: default]
2024-02-12T11:42:36.792+05:00  INFO 86588 --- [main] org.hibernate.Version                    : HHH000412: Hibernate ORM core version 6.2.5.Final
2024-02-12T11:42:36.796+05:00  INFO 86588 --- [main] org.hibernate.cfg.Environment            : HHH000406: Using bytecode reflection optimizer
2024-02-12T11:42:37.018+05:00  INFO 86588 --- [main] o.h.b.i.BytecodeProviderInitiator        : HHH000021: Bytecode provider name : bytebuddy
2024-02-12T11:42:37.206+05:00  INFO 86588 --- [main] com.zaxxer.hikari.HikariDataSource       : HikariPool-1 - Starting...
2024-02-12T11:42:37.420+05:00  INFO 86588 --- [main] com.zaxxer.hikari.pool.HikariPool        : HikariPool-1 - Added connection org.postgresql.jdbc.PgConnection@5c4f4330
2024-02-12T11:42:37.423+05:00  INFO 86588 --- [main] com.zaxxer.hikari.HikariDataSource       : HikariPool-1 - Start completed.
2024-02-12T11:42:37.800+05:00  INFO 86588 --- [main] o.h.b.i.BytecodeProviderInitiator        : HHH000021: Bytecode provider name : bytebuddy
2024-02-12T11:42:38.751+05:00  INFO 86588 --- [main] o.h.e.t.j.p.i.JtaPlatformInitiator       : HHH000490: Using JtaPlatform implementation: [org.hibernate.engine.transaction.jta.platform.internal.NoJtaPlatform]
2024-02-12T11:42:40.936+05:00  INFO 86588 --- [main] com.example.demo.StartupApplication      : Started StartupApplication in 7.614 seconds (process running for 8.454)
2024-02-12T11:43:37.392+05:00  INFO 86588 --- [http-nio-8080-exec-1] o.a.c.c.C.[Tomcat].[localhost].[/]       : Initializing Spring DispatcherServlet 'dispatcherServlet'
2024-02-12T13:26:30.301+05:00  INFO 86588 --- [SpringApplicationShutdownHook] com.zaxxer.hikari.HikariDataSource       : HikariPool-1 - Shutdown initiated...
2024-02-12T13:26:30.341+05:00  INFO 86588 --- [SpringApplicationShutdownHook] com.zaxxer.hikari.HikariDataSource       : HikariPool-1 - Shutdown completed.
2024-02-12T22:29:10.413+05:00  INFO 1856 --- [main] com.example.demo.StartupApplication      : Starting StartupApplication using Java 17.0.7 with PID 1856 (C:\Program Files\learn-spring-framework\startUp\demo\build\classes\java\main started by Asus in C:\Program Files\learn-spring-framework\startUp)
2024-02-12T22:29:10.417+05:00  INFO 1856 --- [main] com.example.demo.StartupApplication      : No active profile set, falling back to 1 default profile: "default"
2024-02-12T22:29:13.018+05:00  INFO 1856 --- [main] o.apache.catalina.core.StandardService   : Starting service [Tomcat]
2024-02-12T22:29:13.018+05:00  INFO 1856 --- [main] o.apache.catalina.core.StandardEngine    : Starting Servlet engine: [Apache Tomcat/10.1.10]
2024-02-12T22:29:13.131+05:00  INFO 1856 --- [main] o.a.c.c.C.[Tomcat].[localhost].[/]       : Initializing Spring embedded WebApplicationContext
2024-02-12T22:29:13.267+05:00  INFO 1856 --- [main] o.hibernate.jpa.internal.util.LogHelper  : HHH000204: Processing PersistenceUnitInfo [name: default]
2024-02-12T22:29:13.335+05:00  INFO 1856 --- [main] org.hibernate.Version                    : HHH000412: Hibernate ORM core version 6.2.5.Final
2024-02-12T22:29:13.338+05:00  INFO 1856 --- [main] org.hibernate.cfg.Environment            : HHH000406: Using bytecode reflection optimizer
2024-02-12T22:29:13.509+05:00  INFO 1856 --- [main] o.h.b.i.BytecodeProviderInitiator        : HHH000021: Bytecode provider name : bytebuddy
2024-02-12T22:29:13.701+05:00  INFO 1856 --- [main] com.zaxxer.hikari.HikariDataSource       : HikariPool-1 - Starting...
2024-02-12T22:29:13.919+05:00  INFO 1856 --- [main] com.zaxxer.hikari.pool.HikariPool        : HikariPool-1 - Added connection org.postgresql.jdbc.PgConnection@7f642bf
2024-02-12T22:29:13.921+05:00  INFO 1856 --- [main] com.zaxxer.hikari.HikariDataSource       : HikariPool-1 - Start completed.
2024-02-12T22:29:14.299+05:00  INFO 1856 --- [main] o.h.b.i.BytecodeProviderInitiator        : HHH000021: Bytecode provider name : bytebuddy
2024-02-12T22:29:15.139+05:00  INFO 1856 --- [main] o.h.e.t.j.p.i.JtaPlatformInitiator       : HHH000490: Using JtaPlatform implementation: [org.hibernate.engine.transaction.jta.platform.internal.NoJtaPlatform]
2024-02-12T22:29:17.097+05:00  INFO 1856 --- [main] com.example.demo.StartupApplication      : Started StartupApplication in 7.243 seconds (process running for 8.163)
2024-02-12T22:29:24.019+05:00 ERROR 1856 --- [https://t.me/best_academy_bot Telegram Connection] o.t.t.u.DefaultBotSession                : Error executing org.telegram.telegrambots.meta.api.methods.updates.GetUpdates query: [409] Conflict: terminated by other getUpdates request; make sure that only one bot instance is running

org.telegram.telegrambots.meta.exceptions.TelegramApiRequestException: Error executing org.telegram.telegrambots.meta.api.methods.updates.GetUpdates query: [409] Conflict: terminated by other getUpdates request; make sure that only one bot instance is running
	at org.telegram.telegrambots.meta.api.methods.PartialBotApiMethod.deserializeResponseInternal(PartialBotApiMethod.java:54) ~[telegrambots-meta-6.5.0.jar:na]
	at org.telegram.telegrambots.meta.api.methods.PartialBotApiMethod.deserializeResponseArray(PartialBotApiMethod.java:39) ~[telegrambots-meta-6.5.0.jar:na]
	at org.telegram.telegrambots.meta.api.methods.updates.GetUpdates.deserializeResponse(GetUpdates.java:83) ~[telegrambots-meta-6.5.0.jar:na]
	at org.telegram.telegrambots.updatesreceivers.DefaultBotSession$ReaderThread.getUpdatesFromServer(DefaultBotSession.java:258) ~[telegrambots-6.5.0.jar:na]
	at org.telegram.telegrambots.updatesreceivers.DefaultBotSession$ReaderThread.run(DefaultBotSession.java:188) ~[telegrambots-6.5.0.jar:na]

2024-02-12T22:29:28.814+05:00 ERROR 1856 --- [https://t.me/best_academy_bot Telegram Connection] o.t.t.u.DefaultBotSession                : Error executing org.telegram.telegrambots.meta.api.methods.updates.GetUpdates query: [409] Conflict: terminated by other getUpdates request; make sure that only one bot instance is running

org.telegram.telegrambots.meta.exceptions.TelegramApiRequestException: Error executing org.telegram.telegrambots.meta.api.methods.updates.GetUpdates query: [409] Conflict: terminated by other getUpdates request; make sure that only one bot instance is running
	at org.telegram.telegrambots.meta.api.methods.PartialBotApiMethod.deserializeResponseInternal(PartialBotApiMethod.java:54) ~[telegrambots-meta-6.5.0.jar:na]
	at org.telegram.telegrambots.meta.api.methods.PartialBotApiMethod.deserializeResponseArray(PartialBotApiMethod.java:39) ~[telegrambots-meta-6.5.0.jar:na]
	at org.telegram.telegrambots.meta.api.methods.updates.GetUpdates.deserializeResponse(GetUpdates.java:83) ~[telegrambots-meta-6.5.0.jar:na]
	at org.telegram.telegrambots.updatesreceivers.DefaultBotSession$ReaderThread.getUpdatesFromServer(DefaultBotSession.java:258) ~[telegrambots-6.5.0.jar:na]
	at org.telegram.telegrambots.updatesreceivers.DefaultBotSession$ReaderThread.run(DefaultBotSession.java:188) ~[telegrambots-6.5.0.jar:na]

2024-02-12T22:29:33.452+05:00 ERROR 1856 --- [https://t.me/best_academy_bot Telegram Connection] o.t.t.u.DefaultBotSession                : Error executing org.telegram.telegrambots.meta.api.methods.updates.GetUpdates query: [409] Conflict: terminated by other getUpdates request; make sure that only one bot instance is running

org.telegram.telegrambots.meta.exceptions.TelegramApiRequestException: Error executing org.telegram.telegrambots.meta.api.methods.updates.GetUpdates query: [409] Conflict: terminated by other getUpdates request; make sure that only one bot instance is running
	at org.telegram.telegrambots.meta.api.methods.PartialBotApiMethod.deserializeResponseInternal(PartialBotApiMethod.java:54) ~[telegrambots-meta-6.5.0.jar:na]
	at org.telegram.telegrambots.meta.api.methods.PartialBotApiMethod.deserializeResponseArray(PartialBotApiMethod.java:39) ~[telegrambots-meta-6.5.0.jar:na]
	at org.telegram.telegrambots.meta.api.methods.updates.GetUpdates.deserializeResponse(GetUpdates.java:83) ~[telegrambots-meta-6.5.0.jar:na]
	at org.telegram.telegrambots.updatesreceivers.DefaultBotSession$ReaderThread.getUpdatesFromServer(DefaultBotSession.java:258) ~[telegrambots-6.5.0.jar:na]
	at org.telegram.telegrambots.updatesreceivers.DefaultBotSession$ReaderThread.run(DefaultBotSession.java:188) ~[telegrambots-6.5.0.jar:na]

2024-02-12T22:29:38.051+05:00 ERROR 1856 --- [https://t.me/best_academy_bot Telegram Connection] o.t.t.u.DefaultBotSession                : Error executing org.telegram.telegrambots.meta.api.methods.updates.GetUpdates query: [409] Conflict: terminated by other getUpdates request; make sure that only one bot instance is running

org.telegram.telegrambots.meta.exceptions.TelegramApiRequestException: Error executing org.telegram.telegrambots.meta.api.methods.updates.GetUpdates query: [409] Conflict: terminated by other getUpdates request; make sure that only one bot instance is running
	at org.telegram.telegrambots.meta.api.methods.PartialBotApiMethod.deserializeResponseInternal(PartialBotApiMethod.java:54) ~[telegrambots-meta-6.5.0.jar:na]
	at org.telegram.telegrambots.meta.api.methods.PartialBotApiMethod.deserializeResponseArray(PartialBotApiMethod.java:39) ~[telegrambots-meta-6.5.0.jar:na]
	at org.telegram.telegrambots.meta.api.methods.updates.GetUpdates.deserializeResponse(GetUpdates.java:83) ~[telegrambots-meta-6.5.0.jar:na]
	at org.telegram.telegrambots.updatesreceivers.DefaultBotSession$ReaderThread.getUpdatesFromServer(DefaultBotSession.java:258) ~[telegrambots-6.5.0.jar:na]
	at org.telegram.telegrambots.updatesreceivers.DefaultBotSession$ReaderThread.run(DefaultBotSession.java:188) ~[telegrambots-6.5.0.jar:na]

2024-02-12T22:29:42.683+05:00 ERROR 1856 --- [https://t.me/best_academy_bot Telegram Connection] o.t.t.u.DefaultBotSession                : Error executing org.telegram.telegrambots.meta.api.methods.updates.GetUpdates query: [409] Conflict: terminated by other getUpdates request; make sure that only one bot instance is running

org.telegram.telegrambots.meta.exceptions.TelegramApiRequestException: Error executing org.telegram.telegrambots.meta.api.methods.updates.GetUpdates query: [409] Conflict: terminated by other getUpdates request; make sure that only one bot instance is running
	at org.telegram.telegrambots.meta.api.methods.PartialBotApiMethod.deserializeResponseInternal(PartialBotApiMethod.java:54) ~[telegrambots-meta-6.5.0.jar:na]
	at org.telegram.telegrambots.meta.api.methods.PartialBotApiMethod.deserializeResponseArray(PartialBotApiMethod.java:39) ~[telegrambots-meta-6.5.0.jar:na]
	at org.telegram.telegrambots.meta.api.methods.updates.GetUpdates.deserializeResponse(GetUpdates.java:83) ~[telegrambots-meta-6.5.0.jar:na]
	at org.telegram.telegrambots.updatesreceivers.DefaultBotSession$ReaderThread.getUpdatesFromServer(DefaultBotSession.java:258) ~[telegrambots-6.5.0.jar:na]
	at org.telegram.telegrambots.updatesreceivers.DefaultBotSession$ReaderThread.run(DefaultBotSession.java:188) ~[telegrambots-6.5.0.jar:na]

2024-02-12T22:29:47.559+05:00 ERROR 1856 --- [https://t.me/best_academy_bot Telegram Connection] o.t.t.u.DefaultBotSession                : Error executing org.telegram.telegrambots.meta.api.methods.updates.GetUpdates query: [409] Conflict: terminated by other getUpdates request; make sure that only one bot instance is running

org.telegram.telegrambots.meta.exceptions.TelegramApiRequestException: Error executing org.telegram.telegrambots.meta.api.methods.updates.GetUpdates query: [409] Conflict: terminated by other getUpdates request; make sure that only one bot instance is running
	at org.telegram.telegrambots.meta.api.methods.PartialBotApiMethod.deserializeResponseInternal(PartialBotApiMethod.java:54) ~[telegrambots-meta-6.5.0.jar:na]
	at org.telegram.telegrambots.meta.api.methods.PartialBotApiMethod.deserializeResponseArray(PartialBotApiMethod.java:39) ~[telegrambots-meta-6.5.0.jar:na]
	at org.telegram.telegrambots.meta.api.methods.updates.GetUpdates.deserializeResponse(GetUpdates.java:83) ~[telegrambots-meta-6.5.0.jar:na]
	at org.telegram.telegrambots.updatesreceivers.DefaultBotSession$ReaderThread.getUpdatesFromServer(DefaultBotSession.java:258) ~[telegrambots-6.5.0.jar:na]
	at org.telegram.telegrambots.updatesreceivers.DefaultBotSession$ReaderThread.run(DefaultBotSession.java:188) ~[telegrambots-6.5.0.jar:na]

2024-02-12T22:29:52.042+05:00 ERROR 1856 --- [https://t.me/best_academy_bot Telegram Connection] o.t.t.u.DefaultBotSession                : Error executing org.telegram.telegrambots.meta.api.methods.updates.GetUpdates query: [409] Conflict: terminated by other getUpdates request; make sure that only one bot instance is running

org.telegram.telegrambots.meta.exceptions.TelegramApiRequestException: Error executing org.telegram.telegrambots.meta.api.methods.updates.GetUpdates query: [409] Conflict: terminated by other getUpdates request; make sure that only one bot instance is running
	at org.telegram.telegrambots.meta.api.methods.PartialBotApiMethod.deserializeResponseInternal(PartialBotApiMethod.java:54) ~[telegrambots-meta-6.5.0.jar:na]
	at org.telegram.telegrambots.meta.api.methods.PartialBotApiMethod.deserializeResponseArray(PartialBotApiMethod.java:39) ~[telegrambots-meta-6.5.0.jar:na]
	at org.telegram.telegrambots.meta.api.methods.updates.GetUpdates.deserializeResponse(GetUpdates.java:83) ~[telegrambots-meta-6.5.0.jar:na]
	at org.telegram.telegrambots.updatesreceivers.DefaultBotSession$ReaderThread.getUpdatesFromServer(DefaultBotSession.java:258) ~[telegrambots-6.5.0.jar:na]
	at org.telegram.telegrambots.updatesreceivers.DefaultBotSession$ReaderThread.run(DefaultBotSession.java:188) ~[telegrambots-6.5.0.jar:na]

2024-02-12T22:29:56.482+05:00 ERROR 1856 --- [https://t.me/best_academy_bot Telegram Connection] o.t.t.u.DefaultBotSession                : Error executing org.telegram.telegrambots.meta.api.methods.updates.GetUpdates query: [409] Conflict: terminated by other getUpdates request; make sure that only one bot instance is running

org.telegram.telegrambots.meta.exceptions.TelegramApiRequestException: Error executing org.telegram.telegrambots.meta.api.methods.updates.GetUpdates query: [409] Conflict: terminated by other getUpdates request; make sure that only one bot instance is running
	at org.telegram.telegrambots.meta.api.methods.PartialBotApiMethod.deserializeResponseInternal(PartialBotApiMethod.java:54) ~[telegrambots-meta-6.5.0.jar:na]
	at org.telegram.telegrambots.meta.api.methods.PartialBotApiMethod.deserializeResponseArray(PartialBotApiMethod.java:39) ~[telegrambots-meta-6.5.0.jar:na]
	at org.telegram.telegrambots.meta.api.methods.updates.GetUpdates.deserializeResponse(GetUpdates.java:83) ~[telegrambots-meta-6.5.0.jar:na]
	at org.telegram.telegrambots.updatesreceivers.DefaultBotSession$ReaderThread.getUpdatesFromServer(DefaultBotSession.java:258) ~[telegrambots-6.5.0.jar:na]
	at org.telegram.telegrambots.updatesreceivers.DefaultBotSession$ReaderThread.run(DefaultBotSession.java:188) ~[telegrambots-6.5.0.jar:na]

2024-02-12T22:30:01.082+05:00 ERROR 1856 --- [https://t.me/best_academy_bot Telegram Connection] o.t.t.u.DefaultBotSession                : Error executing org.telegram.telegrambots.meta.api.methods.updates.GetUpdates query: [409] Conflict: terminated by other getUpdates request; make sure that only one bot instance is running

org.telegram.telegrambots.meta.exceptions.TelegramApiRequestException: Error executing org.telegram.telegrambots.meta.api.methods.updates.GetUpdates query: [409] Conflict: terminated by other getUpdates request; make sure that only one bot instance is running
	at org.telegram.telegrambots.meta.api.methods.PartialBotApiMethod.deserializeResponseInternal(PartialBotApiMethod.java:54) ~[telegrambots-meta-6.5.0.jar:na]
	at org.telegram.telegrambots.meta.api.methods.PartialBotApiMethod.deserializeResponseArray(PartialBotApiMethod.java:39) ~[telegrambots-meta-6.5.0.jar:na]
	at org.telegram.telegrambots.meta.api.methods.updates.GetUpdates.deserializeResponse(GetUpdates.java:83) ~[telegrambots-meta-6.5.0.jar:na]
	at org.telegram.telegrambots.updatesreceivers.DefaultBotSession$ReaderThread.getUpdatesFromServer(DefaultBotSession.java:258) ~[telegrambots-6.5.0.jar:na]
	at org.telegram.telegrambots.updatesreceivers.DefaultBotSession$ReaderThread.run(DefaultBotSession.java:188) ~[telegrambots-6.5.0.jar:na]

2024-02-12T22:30:06.318+05:00 ERROR 1856 --- [https://t.me/best_academy_bot Telegram Connection] o.t.t.u.DefaultBotSession                : Error executing org.telegram.telegrambots.meta.api.methods.updates.GetUpdates query: [409] Conflict: terminated by other getUpdates request; make sure that only one bot instance is running

org.telegram.telegrambots.meta.exceptions.TelegramApiRequestException: Error executing org.telegram.telegrambots.meta.api.methods.updates.GetUpdates query: [409] Conflict: terminated by other getUpdates request; make sure that only one bot instance is running
	at org.telegram.telegrambots.meta.api.methods.PartialBotApiMethod.deserializeResponseInternal(PartialBotApiMethod.java:54) ~[telegrambots-meta-6.5.0.jar:na]
	at org.telegram.telegrambots.meta.api.methods.PartialBotApiMethod.deserializeResponseArray(PartialBotApiMethod.java:39) ~[telegrambots-meta-6.5.0.jar:na]
	at org.telegram.telegrambots.meta.api.methods.updates.GetUpdates.deserializeResponse(GetUpdates.java:83) ~[telegrambots-meta-6.5.0.jar:na]
	at org.telegram.telegrambots.updatesreceivers.DefaultBotSession$ReaderThread.getUpdatesFromServer(DefaultBotSession.java:258) ~[telegrambots-6.5.0.jar:na]
	at org.telegram.telegrambots.updatesreceivers.DefaultBotSession$ReaderThread.run(DefaultBotSession.java:188) ~[telegrambots-6.5.0.jar:na]

2024-02-12T22:30:10.924+05:00 ERROR 1856 --- [https://t.me/best_academy_bot Telegram Connection] o.t.t.u.DefaultBotSession                : Error executing org.telegram.telegrambots.meta.api.methods.updates.GetUpdates query: [409] Conflict: terminated by other getUpdates request; make sure that only one bot instance is running

org.telegram.telegrambots.meta.exceptions.TelegramApiRequestException: Error executing org.telegram.telegrambots.meta.api.methods.updates.GetUpdates query: [409] Conflict: terminated by other getUpdates request; make sure that only one bot instance is running
	at org.telegram.telegrambots.meta.api.methods.PartialBotApiMethod.deserializeResponseInternal(PartialBotApiMethod.java:54) ~[telegrambots-meta-6.5.0.jar:na]
	at org.telegram.telegrambots.meta.api.methods.PartialBotApiMethod.deserializeResponseArray(PartialBotApiMethod.java:39) ~[telegrambots-meta-6.5.0.jar:na]
	at org.telegram.telegrambots.meta.api.methods.updates.GetUpdates.deserializeResponse(GetUpdates.java:83) ~[telegrambots-meta-6.5.0.jar:na]
	at org.telegram.telegrambots.updatesreceivers.DefaultBotSession$ReaderThread.getUpdatesFromServer(DefaultBotSession.java:258) ~[telegrambots-6.5.0.jar:na]
	at org.telegram.telegrambots.updatesreceivers.DefaultBotSession$ReaderThread.run(DefaultBotSession.java:188) ~[telegrambots-6.5.0.jar:na]

2024-02-12T22:36:21.935+05:00  INFO 1856 --- [SpringApplicationShutdownHook] com.zaxxer.hikari.HikariDataSource       : HikariPool-1 - Shutdown initiated...
2024-02-12T22:36:21.957+05:00  INFO 1856 --- [SpringApplicationShutdownHook] com.zaxxer.hikari.HikariDataSource       : HikariPool-1 - Shutdown completed.
2024-02-12T22:36:28.264+05:00  INFO 36320 --- [main] com.example.demo.StartupApplication      : Starting StartupApplication using Java 17.0.7 with PID 36320 (C:\Program Files\learn-spring-framework\startUp\demo\build\classes\java\main started by Asus in C:\Program Files\learn-spring-framework\startUp)
2024-02-12T22:36:28.269+05:00  INFO 36320 --- [main] com.example.demo.StartupApplication      : No active profile set, falling back to 1 default profile: "default"
2024-02-12T22:36:29.673+05:00  INFO 36320 --- [main] o.apache.catalina.core.StandardService   : Starting service [Tomcat]
2024-02-12T22:36:29.674+05:00  INFO 36320 --- [main] o.apache.catalina.core.StandardEngine    : Starting Servlet engine: [Apache Tomcat/10.1.10]
2024-02-12T22:36:29.788+05:00  INFO 36320 --- [main] o.a.c.c.C.[Tomcat].[localhost].[/]       : Initializing Spring embedded WebApplicationContext
2024-02-12T22:36:29.944+05:00  INFO 36320 --- [main] o.hibernate.jpa.internal.util.LogHelper  : HHH000204: Processing PersistenceUnitInfo [name: default]
2024-02-12T22:36:30.019+05:00  INFO 36320 --- [main] org.hibernate.Version                    : HHH000412: Hibernate ORM core version 6.2.5.Final
2024-02-12T22:36:30.022+05:00  INFO 36320 --- [main] org.hibernate.cfg.Environment            : HHH000406: Using bytecode reflection optimizer
2024-02-12T22:36:30.176+05:00  INFO 36320 --- [main] o.h.b.i.BytecodeProviderInitiator        : HHH000021: Bytecode provider name : bytebuddy
2024-02-12T22:36:30.365+05:00  INFO 36320 --- [main] com.zaxxer.hikari.HikariDataSource       : HikariPool-1 - Starting...
2024-02-12T22:36:30.556+05:00  INFO 36320 --- [main] com.zaxxer.hikari.pool.HikariPool        : HikariPool-1 - Added connection org.postgresql.jdbc.PgConnection@7f642bf
2024-02-12T22:36:30.558+05:00  INFO 36320 --- [main] com.zaxxer.hikari.HikariDataSource       : HikariPool-1 - Start completed.
2024-02-12T22:36:30.976+05:00  INFO 36320 --- [main] o.h.b.i.BytecodeProviderInitiator        : HHH000021: Bytecode provider name : bytebuddy
2024-02-12T22:36:32.066+05:00  INFO 36320 --- [main] o.h.e.t.j.p.i.JtaPlatformInitiator       : HHH000490: Using JtaPlatform implementation: [org.hibernate.engine.transaction.jta.platform.internal.NoJtaPlatform]
2024-02-12T22:36:33.943+05:00  INFO 36320 --- [main] com.example.demo.StartupApplication      : Started StartupApplication in 6.143 seconds (process running for 6.829)
2024-02-12T22:39:44.951+05:00 ERROR 36320 --- [https://t.me/best_academy_bot Telegram Connection] o.t.t.u.DefaultBotSession                : Error executing org.telegram.telegrambots.meta.api.methods.updates.GetUpdates query: [409] Conflict: terminated by other getUpdates request; make sure that only one bot instance is running

org.telegram.telegrambots.meta.exceptions.TelegramApiRequestException: Error executing org.telegram.telegrambots.meta.api.methods.updates.GetUpdates query: [409] Conflict: terminated by other getUpdates request; make sure that only one bot instance is running
	at org.telegram.telegrambots.meta.api.methods.PartialBotApiMethod.deserializeResponseInternal(PartialBotApiMethod.java:54) ~[telegrambots-meta-6.5.0.jar:na]
	at org.telegram.telegrambots.meta.api.methods.PartialBotApiMethod.deserializeResponseArray(PartialBotApiMethod.java:39) ~[telegrambots-meta-6.5.0.jar:na]
	at org.telegram.telegrambots.meta.api.methods.updates.GetUpdates.deserializeResponse(GetUpdates.java:83) ~[telegrambots-meta-6.5.0.jar:na]
	at org.telegram.telegrambots.updatesreceivers.DefaultBotSession$ReaderThread.getUpdatesFromServer(DefaultBotSession.java:258) ~[telegrambots-6.5.0.jar:na]
	at org.telegram.telegrambots.updatesreceivers.DefaultBotSession$ReaderThread.run(DefaultBotSession.java:188) ~[telegrambots-6.5.0.jar:na]

2024-02-12T22:39:50.373+05:00 ERROR 36320 --- [https://t.me/best_academy_bot Telegram Connection] o.t.t.u.DefaultBotSession                : Error executing org.telegram.telegrambots.meta.api.methods.updates.GetUpdates query: [409] Conflict: terminated by other getUpdates request; make sure that only one bot instance is running

org.telegram.telegrambots.meta.exceptions.TelegramApiRequestException: Error executing org.telegram.telegrambots.meta.api.methods.updates.GetUpdates query: [409] Conflict: terminated by other getUpdates request; make sure that only one bot instance is running
	at org.telegram.telegrambots.meta.api.methods.PartialBotApiMethod.deserializeResponseInternal(PartialBotApiMethod.java:54) ~[telegrambots-meta-6.5.0.jar:na]
	at org.telegram.telegrambots.meta.api.methods.PartialBotApiMethod.deserializeResponseArray(PartialBotApiMethod.java:39) ~[telegrambots-meta-6.5.0.jar:na]
	at org.telegram.telegrambots.meta.api.methods.updates.GetUpdates.deserializeResponse(GetUpdates.java:83) ~[telegrambots-meta-6.5.0.jar:na]
	at org.telegram.telegrambots.updatesreceivers.DefaultBotSession$ReaderThread.getUpdatesFromServer(DefaultBotSession.java:258) ~[telegrambots-6.5.0.jar:na]
	at org.telegram.telegrambots.updatesreceivers.DefaultBotSession$ReaderThread.run(DefaultBotSession.java:188) ~[telegrambots-6.5.0.jar:na]

2024-02-12T22:39:55.070+05:00 ERROR 36320 --- [https://t.me/best_academy_bot Telegram Connection] o.t.t.u.DefaultBotSession                : Error executing org.telegram.telegrambots.meta.api.methods.updates.GetUpdates query: [409] Conflict: terminated by other getUpdates request; make sure that only one bot instance is running

org.telegram.telegrambots.meta.exceptions.TelegramApiRequestException: Error executing org.telegram.telegrambots.meta.api.methods.updates.GetUpdates query: [409] Conflict: terminated by other getUpdates request; make sure that only one bot instance is running
	at org.telegram.telegrambots.meta.api.methods.PartialBotApiMethod.deserializeResponseInternal(PartialBotApiMethod.java:54) ~[telegrambots-meta-6.5.0.jar:na]
	at org.telegram.telegrambots.meta.api.methods.PartialBotApiMethod.deserializeResponseArray(PartialBotApiMethod.java:39) ~[telegrambots-meta-6.5.0.jar:na]
	at org.telegram.telegrambots.meta.api.methods.updates.GetUpdates.deserializeResponse(GetUpdates.java:83) ~[telegrambots-meta-6.5.0.jar:na]
	at org.telegram.telegrambots.updatesreceivers.DefaultBotSession$ReaderThread.getUpdatesFromServer(DefaultBotSession.java:258) ~[telegrambots-6.5.0.jar:na]
	at org.telegram.telegrambots.updatesreceivers.DefaultBotSession$ReaderThread.run(DefaultBotSession.java:188) ~[telegrambots-6.5.0.jar:na]

2024-02-12T22:39:59.653+05:00 ERROR 36320 --- [https://t.me/best_academy_bot Telegram Connection] o.t.t.u.DefaultBotSession                : Error executing org.telegram.telegrambots.meta.api.methods.updates.GetUpdates query: [409] Conflict: terminated by other getUpdates request; make sure that only one bot instance is running

org.telegram.telegrambots.meta.exceptions.TelegramApiRequestException: Error executing org.telegram.telegrambots.meta.api.methods.updates.GetUpdates query: [409] Conflict: terminated by other getUpdates request; make sure that only one bot instance is running
	at org.telegram.telegrambots.meta.api.methods.PartialBotApiMethod.deserializeResponseInternal(PartialBotApiMethod.java:54) ~[telegrambots-meta-6.5.0.jar:na]
	at org.telegram.telegrambots.meta.api.methods.PartialBotApiMethod.deserializeResponseArray(PartialBotApiMethod.java:39) ~[telegrambots-meta-6.5.0.jar:na]
	at org.telegram.telegrambots.meta.api.methods.updates.GetUpdates.deserializeResponse(GetUpdates.java:83) ~[telegrambots-meta-6.5.0.jar:na]
	at org.telegram.telegrambots.updatesreceivers.DefaultBotSession$ReaderThread.getUpdatesFromServer(DefaultBotSession.java:258) ~[telegrambots-6.5.0.jar:na]
	at org.telegram.telegrambots.updatesreceivers.DefaultBotSession$ReaderThread.run(DefaultBotSession.java:188) ~[telegrambots-6.5.0.jar:na]

2024-02-12T22:40:04.418+05:00 ERROR 36320 --- [https://t.me/best_academy_bot Telegram Connection] o.t.t.u.DefaultBotSession                : Error executing org.telegram.telegrambots.meta.api.methods.updates.GetUpdates query: [409] Conflict: terminated by other getUpdates request; make sure that only one bot instance is running

org.telegram.telegrambots.meta.exceptions.TelegramApiRequestException: Error executing org.telegram.telegrambots.meta.api.methods.updates.GetUpdates query: [409] Conflict: terminated by other getUpdates request; make sure that only one bot instance is running
	at org.telegram.telegrambots.meta.api.methods.PartialBotApiMethod.deserializeResponseInternal(PartialBotApiMethod.java:54) ~[telegrambots-meta-6.5.0.jar:na]
	at org.telegram.telegrambots.meta.api.methods.PartialBotApiMethod.deserializeResponseArray(PartialBotApiMethod.java:39) ~[telegrambots-meta-6.5.0.jar:na]
	at org.telegram.telegrambots.meta.api.methods.updates.GetUpdates.deserializeResponse(GetUpdates.java:83) ~[telegrambots-meta-6.5.0.jar:na]
	at org.telegram.telegrambots.updatesreceivers.DefaultBotSession$ReaderThread.getUpdatesFromServer(DefaultBotSession.java:258) ~[telegrambots-6.5.0.jar:na]
	at org.telegram.telegrambots.updatesreceivers.DefaultBotSession$ReaderThread.run(DefaultBotSession.java:188) ~[telegrambots-6.5.0.jar:na]

2024-02-12T22:40:09.322+05:00 ERROR 36320 --- [https://t.me/best_academy_bot Telegram Connection] o.t.t.u.DefaultBotSession                : Error executing org.telegram.telegrambots.meta.api.methods.updates.GetUpdates query: [409] Conflict: terminated by other getUpdates request; make sure that only one bot instance is running

org.telegram.telegrambots.meta.exceptions.TelegramApiRequestException: Error executing org.telegram.telegrambots.meta.api.methods.updates.GetUpdates query: [409] Conflict: terminated by other getUpdates request; make sure that only one bot instance is running
	at org.telegram.telegrambots.meta.api.methods.PartialBotApiMethod.deserializeResponseInternal(PartialBotApiMethod.java:54) ~[telegrambots-meta-6.5.0.jar:na]
	at org.telegram.telegrambots.meta.api.methods.PartialBotApiMethod.deserializeResponseArray(PartialBotApiMethod.java:39) ~[telegrambots-meta-6.5.0.jar:na]
	at org.telegram.telegrambots.meta.api.methods.updates.GetUpdates.deserializeResponse(GetUpdates.java:83) ~[telegrambots-meta-6.5.0.jar:na]
	at org.telegram.telegrambots.updatesreceivers.DefaultBotSession$ReaderThread.getUpdatesFromServer(DefaultBotSession.java:258) ~[telegrambots-6.5.0.jar:na]
	at org.telegram.telegrambots.updatesreceivers.DefaultBotSession$ReaderThread.run(DefaultBotSession.java:188) ~[telegrambots-6.5.0.jar:na]

2024-02-12T22:40:14.867+05:00 ERROR 36320 --- [https://t.me/best_academy_bot Telegram Connection] o.t.t.u.DefaultBotSession                : Error executing org.telegram.telegrambots.meta.api.methods.updates.GetUpdates query: [409] Conflict: terminated by other getUpdates request; make sure that only one bot instance is running

org.telegram.telegrambots.meta.exceptions.TelegramApiRequestException: Error executing org.telegram.telegrambots.meta.api.methods.updates.GetUpdates query: [409] Conflict: terminated by other getUpdates request; make sure that only one bot instance is running
	at org.telegram.telegrambots.meta.api.methods.PartialBotApiMethod.deserializeResponseInternal(PartialBotApiMethod.java:54) ~[telegrambots-meta-6.5.0.jar:na]
	at org.telegram.telegrambots.meta.api.methods.PartialBotApiMethod.deserializeResponseArray(PartialBotApiMethod.java:39) ~[telegrambots-meta-6.5.0.jar:na]
	at org.telegram.telegrambots.meta.api.methods.updates.GetUpdates.deserializeResponse(GetUpdates.java:83) ~[telegrambots-meta-6.5.0.jar:na]
	at org.telegram.telegrambots.updatesreceivers.DefaultBotSession$ReaderThread.getUpdatesFromServer(DefaultBotSession.java:258) ~[telegrambots-6.5.0.jar:na]
	at org.telegram.telegrambots.updatesreceivers.DefaultBotSession$ReaderThread.run(DefaultBotSession.java:188) ~[telegrambots-6.5.0.jar:na]

2024-02-12T22:40:19.502+05:00 ERROR 36320 --- [https://t.me/best_academy_bot Telegram Connection] o.t.t.u.DefaultBotSession                : Error executing org.telegram.telegrambots.meta.api.methods.updates.GetUpdates query: [409] Conflict: terminated by other getUpdates request; make sure that only one bot instance is running

org.telegram.telegrambots.meta.exceptions.TelegramApiRequestException: Error executing org.telegram.telegrambots.meta.api.methods.updates.GetUpdates query: [409] Conflict: terminated by other getUpdates request; make sure that only one bot instance is running
	at org.telegram.telegrambots.meta.api.methods.PartialBotApiMethod.deserializeResponseInternal(PartialBotApiMethod.java:54) ~[telegrambots-meta-6.5.0.jar:na]
	at org.telegram.telegrambots.meta.api.methods.PartialBotApiMethod.deserializeResponseArray(PartialBotApiMethod.java:39) ~[telegrambots-meta-6.5.0.jar:na]
	at org.telegram.telegrambots.meta.api.methods.updates.GetUpdates.deserializeResponse(GetUpdates.java:83) ~[telegrambots-meta-6.5.0.jar:na]
	at org.telegram.telegrambots.updatesreceivers.DefaultBotSession$ReaderThread.getUpdatesFromServer(DefaultBotSession.java:258) ~[telegrambots-6.5.0.jar:na]
	at org.telegram.telegrambots.updatesreceivers.DefaultBotSession$ReaderThread.run(DefaultBotSession.java:188) ~[telegrambots-6.5.0.jar:na]

2024-02-12T22:40:24.100+05:00 ERROR 36320 --- [https://t.me/best_academy_bot Telegram Connection] o.t.t.u.DefaultBotSession                : Error executing org.telegram.telegrambots.meta.api.methods.updates.GetUpdates query: [409] Conflict: terminated by other getUpdates request; make sure that only one bot instance is running

org.telegram.telegrambots.meta.exceptions.TelegramApiRequestException: Error executing org.telegram.telegrambots.meta.api.methods.updates.GetUpdates query: [409] Conflict: terminated by other getUpdates request; make sure that only one bot instance is running
	at org.telegram.telegrambots.meta.api.methods.PartialBotApiMethod.deserializeResponseInternal(PartialBotApiMethod.java:54) ~[telegrambots-meta-6.5.0.jar:na]
	at org.telegram.telegrambots.meta.api.methods.PartialBotApiMethod.deserializeResponseArray(PartialBotApiMethod.java:39) ~[telegrambots-meta-6.5.0.jar:na]
	at org.telegram.telegrambots.meta.api.methods.updates.GetUpdates.deserializeResponse(GetUpdates.java:83) ~[telegrambots-meta-6.5.0.jar:na]
	at org.telegram.telegrambots.updatesreceivers.DefaultBotSession$ReaderThread.getUpdatesFromServer(DefaultBotSession.java:258) ~[telegrambots-6.5.0.jar:na]
	at org.telegram.telegrambots.updatesreceivers.DefaultBotSession$ReaderThread.run(DefaultBotSession.java:188) ~[telegrambots-6.5.0.jar:na]

2024-02-12T22:40:28.734+05:00 ERROR 36320 --- [https://t.me/best_academy_bot Telegram Connection] o.t.t.u.DefaultBotSession                : Error executing org.telegram.telegrambots.meta.api.methods.updates.GetUpdates query: [409] Conflict: terminated by other getUpdates request; make sure that only one bot instance is running

org.telegram.telegrambots.meta.exceptions.TelegramApiRequestException: Error executing org.telegram.telegrambots.meta.api.methods.updates.GetUpdates query: [409] Conflict: terminated by other getUpdates request; make sure that only one bot instance is running
	at org.telegram.telegrambots.meta.api.methods.PartialBotApiMethod.deserializeResponseInternal(PartialBotApiMethod.java:54) ~[telegrambots-meta-6.5.0.jar:na]
	at org.telegram.telegrambots.meta.api.methods.PartialBotApiMethod.deserializeResponseArray(PartialBotApiMethod.java:39) ~[telegrambots-meta-6.5.0.jar:na]
	at org.telegram.telegrambots.meta.api.methods.updates.GetUpdates.deserializeResponse(GetUpdates.java:83) ~[telegrambots-meta-6.5.0.jar:na]
	at org.telegram.telegrambots.updatesreceivers.DefaultBotSession$ReaderThread.getUpdatesFromServer(DefaultBotSession.java:258) ~[telegrambots-6.5.0.jar:na]
	at org.telegram.telegrambots.updatesreceivers.DefaultBotSession$ReaderThread.run(DefaultBotSession.java:188) ~[telegrambots-6.5.0.jar:na]

2024-02-12T22:40:33.353+05:00 ERROR 36320 --- [https://t.me/best_academy_bot Telegram Connection] o.t.t.u.DefaultBotSession                : Error executing org.telegram.telegrambots.meta.api.methods.updates.GetUpdates query: [409] Conflict: terminated by other getUpdates request; make sure that only one bot instance is running

org.telegram.telegrambots.meta.exceptions.TelegramApiRequestException: Error executing org.telegram.telegrambots.meta.api.methods.updates.GetUpdates query: [409] Conflict: terminated by other getUpdates request; make sure that only one bot instance is running
	at org.telegram.telegrambots.meta.api.methods.PartialBotApiMethod.deserializeResponseInternal(PartialBotApiMethod.java:54) ~[telegrambots-meta-6.5.0.jar:na]
	at org.telegram.telegrambots.meta.api.methods.PartialBotApiMethod.deserializeResponseArray(PartialBotApiMethod.java:39) ~[telegrambots-meta-6.5.0.jar:na]
	at org.telegram.telegrambots.meta.api.methods.updates.GetUpdates.deserializeResponse(GetUpdates.java:83) ~[telegrambots-meta-6.5.0.jar:na]
	at org.telegram.telegrambots.updatesreceivers.DefaultBotSession$ReaderThread.getUpdatesFromServer(DefaultBotSession.java:258) ~[telegrambots-6.5.0.jar:na]
	at org.telegram.telegrambots.updatesreceivers.DefaultBotSession$ReaderThread.run(DefaultBotSession.java:188) ~[telegrambots-6.5.0.jar:na]

2024-02-12T22:40:37.940+05:00 ERROR 36320 --- [https://t.me/best_academy_bot Telegram Connection] o.t.t.u.DefaultBotSession                : Error executing org.telegram.telegrambots.meta.api.methods.updates.GetUpdates query: [409] Conflict: terminated by other getUpdates request; make sure that only one bot instance is running

org.telegram.telegrambots.meta.exceptions.TelegramApiRequestException: Error executing org.telegram.telegrambots.meta.api.methods.updates.GetUpdates query: [409] Conflict: terminated by other getUpdates request; make sure that only one bot instance is running
	at org.telegram.telegrambots.meta.api.methods.PartialBotApiMethod.deserializeResponseInternal(PartialBotApiMethod.java:54) ~[telegrambots-meta-6.5.0.jar:na]
	at org.telegram.telegrambots.meta.api.methods.PartialBotApiMethod.deserializeResponseArray(PartialBotApiMethod.java:39) ~[telegrambots-meta-6.5.0.jar:na]
	at org.telegram.telegrambots.meta.api.methods.updates.GetUpdates.deserializeResponse(GetUpdates.java:83) ~[telegrambots-meta-6.5.0.jar:na]
	at org.telegram.telegrambots.updatesreceivers.DefaultBotSession$ReaderThread.getUpdatesFromServer(DefaultBotSession.java:258) ~[telegrambots-6.5.0.jar:na]
	at org.telegram.telegrambots.updatesreceivers.DefaultBotSession$ReaderThread.run(DefaultBotSession.java:188) ~[telegrambots-6.5.0.jar:na]

2024-02-12T22:40:42.530+05:00 ERROR 36320 --- [https://t.me/best_academy_bot Telegram Connection] o.t.t.u.DefaultBotSession                : Error executing org.telegram.telegrambots.meta.api.methods.updates.GetUpdates query: [409] Conflict: terminated by other getUpdates request; make sure that only one bot instance is running

org.telegram.telegrambots.meta.exceptions.TelegramApiRequestException: Error executing org.telegram.telegrambots.meta.api.methods.updates.GetUpdates query: [409] Conflict: terminated by other getUpdates request; make sure that only one bot instance is running
	at org.telegram.telegrambots.meta.api.methods.PartialBotApiMethod.deserializeResponseInternal(PartialBotApiMethod.java:54) ~[telegrambots-meta-6.5.0.jar:na]
	at org.telegram.telegrambots.meta.api.methods.PartialBotApiMethod.deserializeResponseArray(PartialBotApiMethod.java:39) ~[telegrambots-meta-6.5.0.jar:na]
	at org.telegram.telegrambots.meta.api.methods.updates.GetUpdates.deserializeResponse(GetUpdates.java:83) ~[telegrambots-meta-6.5.0.jar:na]
	at org.telegram.telegrambots.updatesreceivers.DefaultBotSession$ReaderThread.getUpdatesFromServer(DefaultBotSession.java:258) ~[telegrambots-6.5.0.jar:na]
	at org.telegram.telegrambots.updatesreceivers.DefaultBotSession$ReaderThread.run(DefaultBotSession.java:188) ~[telegrambots-6.5.0.jar:na]

2024-02-12T22:40:47.162+05:00 ERROR 36320 --- [https://t.me/best_academy_bot Telegram Connection] o.t.t.u.DefaultBotSession                : Error executing org.telegram.telegrambots.meta.api.methods.updates.GetUpdates query: [409] Conflict: terminated by other getUpdates request; make sure that only one bot instance is running

org.telegram.telegrambots.meta.exceptions.TelegramApiRequestException: Error executing org.telegram.telegrambots.meta.api.methods.updates.GetUpdates query: [409] Conflict: terminated by other getUpdates request; make sure that only one bot instance is running
	at org.telegram.telegrambots.meta.api.methods.PartialBotApiMethod.deserializeResponseInternal(PartialBotApiMethod.java:54) ~[telegrambots-meta-6.5.0.jar:na]
	at org.telegram.telegrambots.meta.api.methods.PartialBotApiMethod.deserializeResponseArray(PartialBotApiMethod.java:39) ~[telegrambots-meta-6.5.0.jar:na]
	at org.telegram.telegrambots.meta.api.methods.updates.GetUpdates.deserializeResponse(GetUpdates.java:83) ~[telegrambots-meta-6.5.0.jar:na]
	at org.telegram.telegrambots.updatesreceivers.DefaultBotSession$ReaderThread.getUpdatesFromServer(DefaultBotSession.java:258) ~[telegrambots-6.5.0.jar:na]
	at org.telegram.telegrambots.updatesreceivers.DefaultBotSession$ReaderThread.run(DefaultBotSession.java:188) ~[telegrambots-6.5.0.jar:na]

2024-02-12T22:40:52.029+05:00 ERROR 36320 --- [https://t.me/best_academy_bot Telegram Connection] o.t.t.u.DefaultBotSession                : Error executing org.telegram.telegrambots.meta.api.methods.updates.GetUpdates query: [409] Conflict: terminated by other getUpdates request; make sure that only one bot instance is running

org.telegram.telegrambots.meta.exceptions.TelegramApiRequestException: Error executing org.telegram.telegrambots.meta.api.methods.updates.GetUpdates query: [409] Conflict: terminated by other getUpdates request; make sure that only one bot instance is running
	at org.telegram.telegrambots.meta.api.methods.PartialBotApiMethod.deserializeResponseInternal(PartialBotApiMethod.java:54) ~[telegrambots-meta-6.5.0.jar:na]
	at org.telegram.telegrambots.meta.api.methods.PartialBotApiMethod.deserializeResponseArray(PartialBotApiMethod.java:39) ~[telegrambots-meta-6.5.0.jar:na]
	at org.telegram.telegrambots.meta.api.methods.updates.GetUpdates.deserializeResponse(GetUpdates.java:83) ~[telegrambots-meta-6.5.0.jar:na]
	at org.telegram.telegrambots.updatesreceivers.DefaultBotSession$ReaderThread.getUpdatesFromServer(DefaultBotSession.java:258) ~[telegrambots-6.5.0.jar:na]
	at org.telegram.telegrambots.updatesreceivers.DefaultBotSession$ReaderThread.run(DefaultBotSession.java:188) ~[telegrambots-6.5.0.jar:na]

2024-02-12T23:13:48.235+05:00 ERROR 36320 --- [https://t.me/best_academy_bot Telegram Connection] o.t.t.u.DefaultBotSession                : Error executing org.telegram.telegrambots.meta.api.methods.updates.GetUpdates query: [409] Conflict: terminated by other getUpdates request; make sure that only one bot instance is running

org.telegram.telegrambots.meta.exceptions.TelegramApiRequestException: Error executing org.telegram.telegrambots.meta.api.methods.updates.GetUpdates query: [409] Conflict: terminated by other getUpdates request; make sure that only one bot instance is running
	at org.telegram.telegrambots.meta.api.methods.PartialBotApiMethod.deserializeResponseInternal(PartialBotApiMethod.java:54) ~[telegrambots-meta-6.5.0.jar:na]
	at org.telegram.telegrambots.meta.api.methods.PartialBotApiMethod.deserializeResponseArray(PartialBotApiMethod.java:39) ~[telegrambots-meta-6.5.0.jar:na]
	at org.telegram.telegrambots.meta.api.methods.updates.GetUpdates.deserializeResponse(GetUpdates.java:83) ~[telegrambots-meta-6.5.0.jar:na]
	at org.telegram.telegrambots.updatesreceivers.DefaultBotSession$ReaderThread.getUpdatesFromServer(DefaultBotSession.java:258) ~[telegrambots-6.5.0.jar:na]
	at org.telegram.telegrambots.updatesreceivers.DefaultBotSession$ReaderThread.run(DefaultBotSession.java:188) ~[telegrambots-6.5.0.jar:na]

2024-02-12T23:13:56.007+05:00  WARN 36320 --- [HikariPool-1 housekeeper] com.zaxxer.hikari.pool.HikariPool        : HikariPool-1 - Thread starvation or clock leap detected (housekeeper delta=33m25s278ms715µs900ns).
2024-02-12T23:14:54.156+05:00  INFO 36320 --- [SpringApplicationShutdownHook] com.zaxxer.hikari.HikariDataSource       : HikariPool-1 - Shutdown initiated...
2024-02-12T23:14:54.192+05:00  INFO 36320 --- [SpringApplicationShutdownHook] com.zaxxer.hikari.HikariDataSource       : HikariPool-1 - Shutdown completed.
